2025-09-09T01:10:31.5803063 | CREATE | CREATED | P-0012 | 1002623831 | Paciente almacenado
2025-09-09T01:10:31.5855934 | FASTA | SAVED | P-0012 | 1002623831 | Guardado exacto (BASE64)
2025-09-09T01:10:31.607363 | DETECTION | FOUND | P-0012 | 1002623831 | anemia_falciforme(8) Matched 15/15 bases (100%)
2025-09-09T01:16:06.7803814 | CREATE | DUPLICATE |  | 1002593169 | Documento ya existe
2025-09-09T01:32:43.8896414 | CREATE | CREATED | P-0013 | 1002678432 | Paciente almacenado
2025-09-09T01:32:43.8989647 | FASTA | SAVED | P-0013 | 1002678432 | Guardado exacto (BASE64)
2025-09-09T01:32:43.9327096 | DETECTION | FOUND | P-0013 | 1002678432 | sarscov2(9) Matched 5/5 bases (100%)
2025-09-09T01:44:47.1168201 | CREATE | CREATED | P-0014 | 3205363051 | Paciente almacenado
2025-09-09T01:44:47.1168201 | FASTA | SAVED | P-0014 | 3205363051 | Guardado exacto (BASE64)
2025-09-09T01:44:47.1326362 | DETECTION | FOUND | P-0014 | 3205363051 | sarscov2(9) Matched 5/5 bases (100%)
2025-09-09T01:48:35.3497971 | CREATE | INVALID |  | 0908070921 | Email inválido
2025-09-09T01:49:08.9457274 | CREATE | CREATED | P-0015 | 1234567812 | Paciente almacenado
2025-09-09T01:49:08.9457274 | FASTA | SAVED | P-0015 | 1234567812 | Guardado exacto (BASE64)
2025-09-09T01:49:08.9618119 | DETECTION | FOUND | P-0015 | 1234567812 | influenza(7) Matched 4/5 bases (80%)
2025-09-09T01:49:08.9618119 | DETECTION | FOUND | P-0015 | 1234567812 | sarscov2(9) Matched 5/5 bases (100%)
2025-09-09T02:12:23.6157138 | CREATE | CREATED | P-0016 | 8976345623 | Paciente almacenado
2025-09-09T02:12:23.6191462 | FASTA | SAVED | P-0016 | 8976345623 | Guardado exacto (BASE64)
2025-09-09T02:12:23.6415941 | DETECTION | FOUND | P-0016 | 8976345623 | influenza(7) Matched 4/5 bases (80%)
2025-09-09T02:12:23.6458303 | DETECTION | FOUND | P-0016 | 8976345623 | sarscov2(9) Matched 5/5 bases (100%)
2025-09-09T03:12:40.4535545 | RETRIEVE | FOUND | P-0008 | 100254323 | OK
2025-09-09T03:13:57.8489413 | RETRIEVE | NOT_FOUND | p-1 |  | No existe
2025-09-09T03:43:15.7938545 | RETRIEVE | FOUND | P-0004 | 25161563 | DISEASES=NONE
2025-09-09T03:43:43.2539619 | RETRIEVE | FOUND | P-0016 | 8976345623 | DISEASES=victor galindo(8976345623);victor galindo(8976345623)
2025-09-09T03:53:34.7302458 | RETRIEVE | FOUND | P-0016 | 8976345623 | DISEASES=influenza(7);sarscov2(9)
2025-09-09T03:58:30.0565946 | RETRIEVE | FOUND | P-0016 | 8976345623 | DISEASES=influenza(7);sarscov2(9)
2025-09-09T04:15:02.9782951 | RETRIEVE | NOT_FOUND | p3 |  | No existe
2025-09-09T04:15:46.8313753 | RETRIEVE | FOUND | P-0007 | 310329982 | DISEASES=NONE
2025-09-09T04:16:18.9217207 | RETRIEVE | FOUND | P-0016 | 8976345623 | DISEASES=influenza(7);sarscov2(9)
2025-09-09T04:20:58.0161064 | CREATE | CREATED | P-0017 | 1234567800 | Paciente almacenado
2025-09-09T04:20:58.020134 | FASTA | SAVED | P-0017 | 1234567800 | Guardado exacto (BASE64)
2025-09-09T04:20:58.039477 | DETECTION | FOUND | P-0017 | 1234567800 | influenza(7) Matched 4/5 bases (80%)
2025-09-09T04:20:58.0406422 | DETECTION | FOUND | P-0017 | 1234567800 | sarscov2(9) Matched 5/5 bases (100%)
2025-09-09T04:21:47.2453957 | RETRIEVE | NOT_FOUND | P-001000 |  | No existe
2025-09-09T04:21:53.0241782 | RETRIEVE | FOUND | P-0017 | 1234567800 | DISEASES=influenza(7);sarscov2(9)
